<?xml version="1.0" encoding="UTF-8"?>
<testsuite xmlns:xsi="http://www.w3.org/2001/XMLSchema-instance" xsi:noNamespaceSchemaLocation="https://maven.apache.org/surefire/maven-surefire-plugin/xsd/surefire-test-report-3.0.xsd" version="3.0" name="AdministrationTest" time="0.312" tests="9" errors="0" skipped="0" failures="2">
  <properties>
[...]
</properties>
  <testcase name="addWord" classname="AdministrationTest" time="0.137"/>
  <testcase name="exportDictionary" classname="AdministrationTest" time="0.026">
    <system-out><![CDATA[ExportDictionary: getWordsSorted: No language random found!
]]></system-out>
  </testcase>
  <testcase name="removeDefinition" classname="AdministrationTest" time="0.02">
    <system-out><![CDATA[removeDefinition : Error joc does not contain any definitions from randomDEX
]]></system-out>
  </testcase>
  <testcase name="translateWord" classname="AdministrationTest" time="0.051">
    <failure type="org.opentest4j.AssertionFailedError"><![CDATA[org.opentest4j.AssertionFailedError: expected: <pisică> but was: <pisicÄƒ>
	at AdministrationTest.translateWord(AdministrationTest.java:122)
]]></failure>
    <system-out><![CDATA[TranslateWord: Translate chat-pisică
]]></system-out>
  </testcase>
  <testcase name="addDefinitionForWord" classname="AdministrationTest" time="0.015">
    <system-out><![CDATA[addDefinitionForWord : Error no word jocjoc found!
]]></system-out>
  </testcase>
  <testcase name="removeWord" classname="AdministrationTest" time="0.016">
    <system-out><![CDATA[removeWord : Error no language rofr found!
]]></system-out>
  </testcase>
  <testcase name="getDefinitionsForWord" classname="AdministrationTest" time="0.015">
    <system-out><![CDATA[getDefinitionForWord: No word pisică found!
getDefinitionForWord: No word tren found!
]]></system-out>
  </testcase>
  <testcase name="translateSentence" classname="AdministrationTest" time="0">
    <failure type="org.opentest4j.AssertionFailedError"><![CDATA[org.opentest4j.AssertionFailedError: expected: <jeu chat > but was: <jeu pisică >
	at AdministrationTest.translateSentence(AdministrationTest.java:150)
]]></failure>
    <system-out><![CDATA[TranslateSentence: Translate joc pisică - jeu chat 
]]></system-out>
  </testcase>
  <testcase name="translateSentences" classname="AdministrationTest" time="0.016">
    <system-out><![CDATA[TranslateSentences: jeu chat -- fr to ro
joc pisicÄƒ 
meci pisicÄƒ 
joc mÃ¢È›Äƒ 
TranslateSentences: jeu manger -- fr to ro
joc manger 
meci manger 
translateSentences: One or both languages not found!
]]></system-out>
  </testcase>
</testsuite>