<?xml version="1.0" encoding="UTF-8"?>
<testsuite xmlns:xsi="http://www.w3.org/2001/XMLSchema-instance" xsi:noNamespaceSchemaLocation="https://maven.apache.org/surefire/maven-surefire-plugin/xsd/surefire-test-report-3.0.xsd" version="3.0" name="AdministrationTest" time="0.312" tests="9" errors="0" skipped="0" failures="2">
  <properties>
    <property name="java.specification.version" value="17"/>
    <property name="sun.cpu.isalist" value="amd64"/>
    <property name="sun.jnu.encoding" value="Cp1252"/>
    <property name="java.class.path" value="C:\Users\Danu\Desktop\Anul2\POO\MavenTema2\target\test-classes;C:\Users\Danu\Desktop\Anul2\POO\MavenTema2\target\classes;C:\Users\Danu\.m2\repository\com\google\code\gson\gson\2.8.5\gson-2.8.5.jar;C:\Users\Danu\.m2\repository\commons-io\commons-io\2.8.0\commons-io-2.8.0.jar;C:\Users\Danu\.m2\repository\org\junit\jupiter\junit-jupiter-api\5.8.2\junit-jupiter-api-5.8.2.jar;C:\Users\Danu\.m2\repository\org\opentest4j\opentest4j\1.2.0\opentest4j-1.2.0.jar;C:\Users\Danu\.m2\repository\org\junit\platform\junit-platform-commons\1.8.2\junit-platform-commons-1.8.2.jar;C:\Users\Danu\.m2\repository\org\apiguardian\apiguardian-api\1.1.2\apiguardian-api-1.1.2.jar;C:\Users\Danu\.m2\repository\org\junit\jupiter\junit-jupiter-engine\5.8.2\junit-jupiter-engine-5.8.2.jar;C:\Users\Danu\.m2\repository\org\junit\platform\junit-platform-engine\1.8.2\junit-platform-engine-1.8.2.jar;C:\Users\Danu\.m2\repository\junit\junit\4.13\junit-4.13.jar;C:\Users\Danu\.m2\repository\org\hamcrest\hamcrest-core\1.3\hamcrest-core-1.3.jar;"/>
    <property name="java.vm.vendor" value="Oracle Corporation"/>
    <property name="sun.arch.data.model" value="64"/>
    <property name="user.variant" value=""/>
    <property name="java.vendor.url" value="https://java.oracle.com/"/>
    <property name="user.timezone" value="Europe/Chisinau"/>
    <property name="os.name" value="Windows 10"/>
    <property name="java.vm.specification.version" value="17"/>
    <property name="sun.java.launcher" value="SUN_STANDARD"/>
    <property name="user.country" value="US"/>
    <property name="sun.boot.library.path" value="C:\Program Files\Java\jdk-17\bin"/>
    <property name="sun.java.command" value="C:\Users\Danu\AppData\Local\Temp\surefire10602797598663371205\surefirebooter4215552948439128405.jar C:\Users\Danu\AppData\Local\Temp\surefire10602797598663371205 2022-01-03T10-39-06_453-jvmRun1 surefire11353463780340366333tmp surefire_014541545895114229930tmp"/>
    <property name="jdk.debug" value="release"/>
    <property name="surefire.test.class.path" value="C:\Users\Danu\Desktop\Anul2\POO\MavenTema2\target\test-classes;C:\Users\Danu\Desktop\Anul2\POO\MavenTema2\target\classes;C:\Users\Danu\.m2\repository\com\google\code\gson\gson\2.8.5\gson-2.8.5.jar;C:\Users\Danu\.m2\repository\commons-io\commons-io\2.8.0\commons-io-2.8.0.jar;C:\Users\Danu\.m2\repository\org\junit\jupiter\junit-jupiter-api\5.8.2\junit-jupiter-api-5.8.2.jar;C:\Users\Danu\.m2\repository\org\opentest4j\opentest4j\1.2.0\opentest4j-1.2.0.jar;C:\Users\Danu\.m2\repository\org\junit\platform\junit-platform-commons\1.8.2\junit-platform-commons-1.8.2.jar;C:\Users\Danu\.m2\repository\org\apiguardian\apiguardian-api\1.1.2\apiguardian-api-1.1.2.jar;C:\Users\Danu\.m2\repository\org\junit\jupiter\junit-jupiter-engine\5.8.2\junit-jupiter-engine-5.8.2.jar;C:\Users\Danu\.m2\repository\org\junit\platform\junit-platform-engine\1.8.2\junit-platform-engine-1.8.2.jar;C:\Users\Danu\.m2\repository\junit\junit\4.13\junit-4.13.jar;C:\Users\Danu\.m2\repository\org\hamcrest\hamcrest-core\1.3\hamcrest-core-1.3.jar;"/>
    <property name="sun.cpu.endian" value="little"/>
    <property name="user.home" value="C:\Users\Danu"/>
    <property name="user.language" value="en"/>
    <property name="java.specification.vendor" value="Oracle Corporation"/>
    <property name="java.version.date" value="2021-09-14"/>
    <property name="java.home" value="C:\Program Files\Java\jdk-17"/>
    <property name="file.separator" value="\"/>
    <property name="basedir" value="C:\Users\Danu\Desktop\Anul2\POO\MavenTema2"/>
    <property name="java.vm.compressedOopsMode" value="32-bit"/>
    <property name="line.separator" value="&#10;"/>
    <property name="java.vm.specification.vendor" value="Oracle Corporation"/>
    <property name="java.specification.name" value="Java Platform API Specification"/>
    <property name="surefire.real.class.path" value="C:\Users\Danu\AppData\Local\Temp\surefire10602797598663371205\surefirebooter4215552948439128405.jar"/>
    <property name="user.script" value=""/>
    <property name="sun.management.compiler" value="HotSpot 64-Bit Tiered Compilers"/>
    <property name="java.runtime.version" value="17+35-LTS-2724"/>
    <property name="user.name" value="Danu"/>
    <property name="path.separator" value=";"/>
    <property name="os.version" value="10.0"/>
    <property name="java.runtime.name" value="Java(TM) SE Runtime Environment"/>
    <property name="file.encoding" value="Cp1252"/>
    <property name="java.vm.name" value="Java HotSpot(TM) 64-Bit Server VM"/>
    <property name="localRepository" value="C:\Users\Danu\.m2\repository"/>
    <property name="java.vendor.url.bug" value="https://bugreport.java.com/bugreport/"/>
    <property name="java.io.tmpdir" value="C:\Users\Danu\AppData\Local\Temp\"/>
    <property name="idea.version" value="2021.2.2"/>
    <property name="java.version" value="17"/>
    <property name="user.dir" value="C:\Users\Danu\Desktop\Anul2\POO\MavenTema2"/>
    <property name="os.arch" value="amd64"/>
    <property name="java.vm.specification.name" value="Java Virtual Machine Specification"/>
    <property name="sun.os.patch.level" value=""/>
    <property name="native.encoding" value="Cp1252"/>
    <property name="java.library.path" value="C:\Program Files\Java\jdk-17\bin;C:\Windows\Sun\Java\bin;C:\Windows\system32;C:\Windows;C:\Program Files\Common Files\Oracle\Java\javapath;C:\Program Files (x86)\Common Files\Oracle\Java\javapath;C:\ProgramData\Oracle\Java\javapath;C:\Program Files (x86)\VMware\VMware Player\bin\;C:\Windows\system32;C:\Windows;C:\Windows\System32\Wbem;C:\Windows\System32\WindowsPowerShell\v1.0\;C:\Windows\System32\OpenSSH\;C:\Program Files\dotnet\;C:\Program Files\Microsoft SQL Server\130\Tools\Binn\;C:\Program Files\Microsoft SQL Server\Client SDK\ODBC\170\Tools\Binn\;C:\Program Files\MATLAB\R2021b\bin;C:\Program Files\Git\cmd;C:\Program Files (x86)\Common Files\Oracle\Java\javapath;C:\ProgramData\Oracle\Java\javapath;C:\Program Files (x86)\VMware\VMware Player\bin\;C:\Windows\system32;C:\Windows;C:\Windows\System32\Wbem;C:\Windows\System32\WindowsPowerShell\v1.0\;C:\Windows\System32\OpenSSH\;C:\Users\Danu\AppData\Local\Microsoft\WindowsApps;C:\Users\Danu\AppData\Local\Programs\Microsoft VS Code\bin;C:\MinGW\bin;;C:\MinGW\bin;C:\Users\Danu\.dotnet\tools;."/>
    <property name="java.vm.info" value="mixed mode, sharing"/>
    <property name="java.vendor" value="Oracle Corporation"/>
    <property name="java.vm.version" value="17+35-LTS-2724"/>
    <property name="sun.io.unicode.encoding" value="UnicodeLittle"/>
    <property name="java.class.version" value="61.0"/>
  </properties>
  <testcase name="addWord" classname="AdministrationTest" time="0.137"/>
  <testcase name="exportDictionary" classname="AdministrationTest" time="0.026">
    <system-out><![CDATA[ExportDictionary: getWordsSorted: No language random found!
]]></system-out>
  </testcase>
  <testcase name="removeDefinition" classname="AdministrationTest" time="0.02">
    <system-out><![CDATA[removeDefinition : Error joc does not contain any definitions from randomDEX
]]></system-out>
  </testcase>
  <testcase name="translateWord" classname="AdministrationTest" time="0.051">
    <failure type="org.opentest4j.AssertionFailedError"><![CDATA[org.opentest4j.AssertionFailedError: expected: <pisică> but was: <pisicÄƒ>
	at AdministrationTest.translateWord(AdministrationTest.java:122)
]]></failure>
    <system-out><![CDATA[TranslateWord: Translate chat-pisică
]]></system-out>
  </testcase>
  <testcase name="addDefinitionForWord" classname="AdministrationTest" time="0.015">
    <system-out><![CDATA[addDefinitionForWord : Error no word jocjoc found!
]]></system-out>
  </testcase>
  <testcase name="removeWord" classname="AdministrationTest" time="0.016">
    <system-out><![CDATA[removeWord : Error no language rofr found!
]]></system-out>
  </testcase>
  <testcase name="getDefinitionsForWord" classname="AdministrationTest" time="0.015">
    <system-out><![CDATA[getDefinitionForWord: No word pisică found!
getDefinitionForWord: No word tren found!
]]></system-out>
  </testcase>
  <testcase name="translateSentence" classname="AdministrationTest" time="0">
    <failure type="org.opentest4j.AssertionFailedError"><![CDATA[org.opentest4j.AssertionFailedError: expected: <jeu chat > but was: <jeu pisică >
	at AdministrationTest.translateSentence(AdministrationTest.java:150)
]]></failure>
    <system-out><![CDATA[TranslateSentence: Translate joc pisică - jeu chat 
]]></system-out>
  </testcase>
  <testcase name="translateSentences" classname="AdministrationTest" time="0.016">
    <system-out><![CDATA[TranslateSentences: jeu chat -- fr to ro
joc pisicÄƒ 
meci pisicÄƒ 
joc mÃ¢È›Äƒ 
TranslateSentences: jeu manger -- fr to ro
joc manger 
meci manger 
translateSentences: One or both languages not found!
]]></system-out>
  </testcase>
</testsuite>